<?xml version="1.0" encoding="UTF-8" ?>
<testsuite tests="9" failures="0" name="org.ahmeteminsaglik.testpart.array.TestSearchAlgorithmWithArrayAndIntroSort" time="2.023" errors="0" skipped="0">
  <properties>
    <property name="idea.version" value="2022.1.3"/>
    <property name="java.runtime.name" value="Java(TM) SE Runtime Environment"/>
    <property name="java.vm.version" value="15.0.2+7-27"/>
    <property name="sun.boot.library.path" value="C:\Program Files\Java\jdk-15.0.2\bin"/>
    <property name="maven.multiModuleProjectDirectory" value="C:\Users\ahmet\OneDrive\Belgeler\intelijIdeaUltimate\TestAlgorithm"/>
    <property name="java.vm.vendor" value="Oracle Corporation"/>
    <property name="java.vendor.url" value="https://java.oracle.com/"/>
    <property name="guice.disable.misplaced.annotation.check" value="true"/>
    <property name="path.separator" value=";"/>
    <property name="java.vm.name" value="Java HotSpot(TM) 64-Bit Server VM"/>
    <property name="sun.os.patch.level" value=""/>
    <property name="user.script" value=""/>
    <property name="user.country" value="US"/>
    <property name="sun.java.launcher" value="SUN_STANDARD"/>
    <property name="java.vm.specification.name" value="Java Virtual Machine Specification"/>
    <property name="user.dir" value="C:\Users\ahmet\OneDrive\Belgeler\intelijIdeaUltimate\TestAlgorithm"/>
    <property name="java.vm.compressedOopsMode" value="Zero based"/>
    <property name="java.runtime.version" value="15.0.2+7-27"/>
    <property name="os.arch" value="amd64"/>
    <property name="java.io.tmpdir" value="C:\Users\ahmet\AppData\Local\Temp\"/>
    <property name="line.separator" value="
"/>
    <property name="java.vm.specification.vendor" value="Oracle Corporation"/>
    <property name="user.variant" value=""/>
    <property name="os.name" value="Windows 10"/>
    <property name="maven.ext.class.path" value="C:\Program Files\JetBrains\IntelliJ IDEA 2022.1.3\plugins\maven\lib\maven-event-listener.jar"/>
    <property name="classworlds.conf" value="C:\Program Files\JetBrains\IntelliJ IDEA 2022.1.3\plugins\maven\lib\maven3\bin\m2.conf"/>
    <property name="sun.jnu.encoding" value="Cp1252"/>
    <property name="java.library.path" value="C:\Program Files\Java\jdk-15.0.2\bin;C:\Windows\Sun\Java\bin;C:\Windows\system32;C:\Windows;C:\Program Files\Common Files\Oracle\Java\javapath;C:\Program Files (x86)\Common Files\Oracle\Java\javapath;C:\Python310\Scripts\;C:\Python310\;C:\Windows\system32;C:\Windows;C:\Windows\System32\Wbem;C:\Windows\System32\WindowsPowerShell\v1.0\;C:\Windows\System32\OpenSSH\;C:\Program Files (x86)\NVIDIA Corporation\PhysX\Common;C:\Program Files\nodejs\;C:\ProgramData\chocolatey\bin;C:\Program Files\NVIDIA Corporation\NVIDIA NvDLISR;C:\Program Files\dotnet\;M2_HOME%\bin;C:\Program Files\Git\cmd;C:\Program Files\Microsoft SQL Server\Client SDK\ODBC\170\Tools\Binn\;C:\Program Files (x86)\Microsoft SQL Server\150\Tools\Binn\;C:\Program Files\Microsoft SQL Server\150\Tools\Binn\;C:\Program Files\Microsoft SQL Server\150\DTS\Binn\;C:\Program Files\Azure Data Studio\bin;C:\Program Files\Java\javafx-sdk-17.0.1\bin;C:\Program Files\Java\jre1.8.0_261;C:\Program Files\Apache Software Foundation\Tomcat 10.1\bin;C:\Program Files\GitHub CLI\;C:\apache-maven-3.8.6\bin;C:\Program Files\Java\jdk-16.0.2\bin;C:\Program Files\PostgreSQL\15\bin;C:\Users\ahmet\AppData\Local\Microsoft\WindowsApps;C:\Users\ahmet\AppData\Local\Programs\Microsoft VS Code\bin;C:\Users\ahmet\AppData\Roaming\npm;C:\Program Files\JetBrains\IntelliJ IDEA Community Edition 2021.1.3\bin;C:\Program Files\JetBrains\IntelliJ IDEA 2022.1.3\bin;C:\Users\ahmet\AppData\Local\JetBrains\Toolbox\scripts;C:\Program Files\Azure Data Studio\bin;;."/>
    <property name="maven.conf" value="C:\Program Files\JetBrains\IntelliJ IDEA 2022.1.3\plugins\maven\lib\maven3/conf"/>
    <property name="jdk.debug" value="release"/>
    <property name="java.class.version" value="59.0"/>
    <property name="java.specification.name" value="Java Platform API Specification"/>
    <property name="sun.management.compiler" value="HotSpot 64-Bit Tiered Compilers"/>
    <property name="os.version" value="10.0"/>
    <property name="user.home" value="C:\Users\ahmet"/>
    <property name="user.timezone" value="Europe/Istanbul"/>
    <property name="file.encoding" value="UTF-8"/>
    <property name="java.specification.version" value="15"/>
    <property name="user.name" value="ahmet"/>
    <property name="java.class.path" value="C:\Program Files\JetBrains\IntelliJ IDEA 2022.1.3\plugins\maven\lib\maven3\boot\plexus-classworlds-2.6.0.jar;C:\Program Files\JetBrains\IntelliJ IDEA 2022.1.3\plugins\maven\lib\maven3\boot\plexus-classworlds.license"/>
    <property name="java.vm.specification.version" value="15"/>
    <property name="sun.arch.data.model" value="64"/>
    <property name="sun.java.command" value="org.codehaus.classworlds.Launcher -Didea.version=2022.1.3 install"/>
    <property name="java.home" value="C:\Program Files\Java\jdk-15.0.2"/>
    <property name="user.language" value="en"/>
    <property name="java.specification.vendor" value="Oracle Corporation"/>
    <property name="java.vm.info" value="mixed mode, sharing"/>
    <property name="java.version" value="15.0.2"/>
    <property name="java.vendor" value="Oracle Corporation"/>
    <property name="maven.home" value="C:\Program Files\JetBrains\IntelliJ IDEA 2022.1.3\plugins\maven\lib\maven3"/>
    <property name="file.separator" value="\"/>
    <property name="java.version.date" value="2021-01-19"/>
    <property name="java.vendor.url.bug" value="https://bugreport.java.com/bugreport/"/>
    <property name="sun.io.unicode.encoding" value="UnicodeLittle"/>
    <property name="sun.cpu.endian" value="little"/>
    <property name="sun.cpu.isalist" value="amd64"/>
  </properties>
  <testcase classname="org.ahmeteminsaglik.testpart.array.TestSearchAlgorithmWithArrayAndIntroSort" name="org.ahmeteminsaglik.testpart.array.TestSearchAlgorithmWithArrayAndIntroSort.test_Manuel_Array_IntroSort_ExponentialSearch" time="0.188"/>
  <testcase classname="org.ahmeteminsaglik.testpart.array.TestSearchAlgorithmWithArrayAndIntroSort" name="org.ahmeteminsaglik.testpart.array.TestSearchAlgorithmWithArrayAndIntroSort.test_Manuel_Array_IntroSort_BreadthFirstSearch" time="0.198"/>
  <testcase classname="org.ahmeteminsaglik.testpart.array.TestSearchAlgorithmWithArrayAndIntroSort" name="org.ahmeteminsaglik.testpart.array.TestSearchAlgorithmWithArrayAndIntroSort.test_Manuel_Array_IntroSort_BinarySearch" time="0.187"/>
  <testcase classname="org.ahmeteminsaglik.testpart.array.TestSearchAlgorithmWithArrayAndIntroSort" name="org.ahmeteminsaglik.testpart.array.TestSearchAlgorithmWithArrayAndIntroSort.test_Manuel_Array_IntroSort_JumpSearch" time="0.192"/>
  <testcase classname="org.ahmeteminsaglik.testpart.array.TestSearchAlgorithmWithArrayAndIntroSort" name="org.ahmeteminsaglik.testpart.array.TestSearchAlgorithmWithArrayAndIntroSort.test_Manuel_Array_IntroSort_LinearSearch" time="0.282"/>
  <testcase classname="org.ahmeteminsaglik.testpart.array.TestSearchAlgorithmWithArrayAndIntroSort" name="org.ahmeteminsaglik.testpart.array.TestSearchAlgorithmWithArrayAndIntroSort.test_Manuel_Array_IntroSort_TernarySearch" time="0.287"/>
  <testcase classname="org.ahmeteminsaglik.testpart.array.TestSearchAlgorithmWithArrayAndIntroSort" name="org.ahmeteminsaglik.testpart.array.TestSearchAlgorithmWithArrayAndIntroSort.test_Manuel_Array_IntroSort_FibonacciSearch" time="0.281"/>
  <testcase classname="org.ahmeteminsaglik.testpart.array.TestSearchAlgorithmWithArrayAndIntroSort" name="org.ahmeteminsaglik.testpart.array.TestSearchAlgorithmWithArrayAndIntroSort.test_Manuel_Array_IntroSort_DepthFirstSearch" time="0.2"/>
  <testcase classname="org.ahmeteminsaglik.testpart.array.TestSearchAlgorithmWithArrayAndIntroSort" name="org.ahmeteminsaglik.testpart.array.TestSearchAlgorithmWithArrayAndIntroSort.test_Manuel_Array_IntroSort_InterpolationSearch" time="0.208"/>
</testsuite>